c:\users\class\documents\visual studio 2013\projects\roguelike\roguelike\debug\vc120.pdb
c:\users\class\documents\visual studio 2013\projects\roguelike\roguelike\debug\vc120.idb
c:\users\class\documents\visual studio 2013\projects\roguelike\roguelike\debug\actor.obj
c:\users\class\documents\visual studio 2013\projects\roguelike\roguelike\debug\actordef.obj
c:\users\class\documents\visual studio 2013\projects\roguelike\roguelike\debug\cell.obj
c:\users\class\documents\visual studio 2013\projects\roguelike\roguelike\debug\dice.obj
c:\users\class\documents\visual studio 2013\projects\roguelike\roguelike\debug\helper.obj
c:\users\class\documents\visual studio 2013\projects\roguelike\roguelike\debug\main.obj
c:\users\class\documents\visual studio 2013\projects\roguelike\roguelike\debug\message.obj
c:\users\class\documents\visual studio 2013\projects\roguelike\roguelike\debug\messagelog.obj
c:\users\class\documents\visual studio 2013\projects\roguelike\roguelike\debug\monster.obj
c:\users\class\documents\visual studio 2013\projects\roguelike\roguelike\debug\pickup.obj
c:\users\class\documents\visual studio 2013\projects\roguelike\roguelike\debug\pickupdef.obj
c:\users\class\documents\visual studio 2013\projects\roguelike\roguelike\debug\player.obj
c:\users\class\documents\visual studio 2013\projects\roguelike\roguelike\debug\point.obj
c:\users\class\documents\visual studio 2013\projects\roguelike\roguelike\debug\tilelibrary.obj
c:\users\class\documents\visual studio 2013\projects\roguelike\roguelike\debug\world.obj
c:\users\class\documents\visual studio 2013\projects\roguelike\debug\roguelike.ilk
c:\users\class\documents\visual studio 2013\projects\roguelike\debug\roguelike.exe
c:\users\class\documents\visual studio 2013\projects\roguelike\debug\roguelike.pdb
c:\users\class\documents\visual studio 2013\projects\roguelike\debug\roguelike.lib
c:\users\class\documents\visual studio 2013\projects\roguelike\debug\roguelike.exp
c:\users\class\documents\visual studio 2013\projects\roguelike\roguelike\debug\roguelike.tlog\cl.command.1.tlog
c:\users\class\documents\visual studio 2013\projects\roguelike\roguelike\debug\roguelike.tlog\cl.read.1.tlog
c:\users\class\documents\visual studio 2013\projects\roguelike\roguelike\debug\roguelike.tlog\cl.write.1.tlog
c:\users\class\documents\visual studio 2013\projects\roguelike\roguelike\debug\roguelike.tlog\link.command.1.tlog
c:\users\class\documents\visual studio 2013\projects\roguelike\roguelike\debug\roguelike.tlog\link.read.1.tlog
c:\users\class\documents\visual studio 2013\projects\roguelike\roguelike\debug\roguelike.tlog\link.write.1.tlog
c:\users\class\documents\visual studio 2013\projects\roguelike\roguelike\debug\roguelike.tlog\roguelike.write.1u.tlog
